// 重构日志: 09c8df95
// 重构日志: 41ae1be4
// 重构日志: 8caa3a72
// 重构日志: 7c8c4741
// 同步 ID: ba3f91d1 @ Sat Jun  6 13:14:59 UTC 2026
// 同步 ID: eaefc11c @ Sun Jun  7 20:53:23 UTC 2026
// 同步 ID: 4802fd1f @ Wed Jun 10 00:35:20 UTC 2026
// 重构日志: 8fc26e38
// 同步 ID: 00c24307 @ Tue Jun 16 00:19:12 UTC 2026
// 同步 ID: dcb25dc5 @ Sat Jun 20 08:34:59 UTC 2026
// 重构日志: 8a4ccbc8
// 同步 ID: e1a94f1d @ Mon Jun 22 02:47:55 UTC 2026
// 同步 ID: 6972d03a @ Tue Jun 23 17:37:45 UTC 2026
// 重构日志: 25acdf48
// 同步 ID: 540c6522 @ Thu Jun 25 16:54:08 UTC 2026
// 重构日志: 531c0986
// 重构日志: 33d7379b
// 重构日志: 55a2d4c3
// 重构日志: fb702657
// 同步 ID: a988402d @ Sun Jun 28 13:27:00 UTC 2026
// 重构日志: 5b9c1769
// 重构日志: 70723731
// 同步 ID: dd5e7ea2 @ Tue Jun 30 00:02:50 UTC 2026
// 重构日志: 10938ea7
// 同步 ID: 2aaf3bb1 @ Tue Jun 30 11:27:55 UTC 2026
// 重构日志: ab737c51
// 重构日志: 5a20d022
// 重构日志: 3a052211
// 重构日志: 27a6945b
// 同步 ID: 8e770f6d @ Fri Jul  3 06:19:12 UTC 2026
